<?xml version="1.0" encoding="UTF-8"?>
<testng-results skipped="3" failed="0" total="3" passed="0">
  <reporter-output>
  </reporter-output>
  <suite name="Default suite" duration-ms="43136" started-at="2020-03-25T11:40:59Z" finished-at="2020-03-25T11:41:42Z">
    <groups>
    </groups>
    <test name="Default test" duration-ms="43136" started-at="2020-03-25T11:40:59Z" finished-at="2020-03-25T11:41:42Z">
      <class name="AllTestScripts.Secnario2">
        <test-method status="FAIL" signature="Subscribe()[pri:0, instance:AllTestScripts.Secnario2@59a6e353]" name="Subscribe" is-config="true" duration-ms="0" started-at="2020-03-25T13:41:00Z" finished-at="2020-03-25T13:41:00Z">
          <exception class="java.lang.NullPointerException">
            <full-stacktrace>
              <![CDATA[java.lang.NullPointerException
	at org.openqa.selenium.support.events.EventFiringWebDriver.extractInterfaces(EventFiringWebDriver.java:124)
	at org.openqa.selenium.support.events.EventFiringWebDriver.access$500(EventFiringWebDriver.java:69)
	at org.openqa.selenium.support.events.EventFiringWebDriver$EventFiringWebElement.<init>(EventFiringWebDriver.java:368)
	at org.openqa.selenium.support.events.EventFiringWebDriver$EventFiringWebElement.<init>(EventFiringWebDriver.java:360)
	at org.openqa.selenium.support.events.EventFiringWebDriver.createWebElement(EventFiringWebDriver.java:311)
	at org.openqa.selenium.support.events.EventFiringWebDriver.findElement(EventFiringWebDriver.java:194)
	at org.openqa.selenium.support.pagefactory.DefaultElementLocator.findElement(DefaultElementLocator.java:69)
	at org.openqa.selenium.support.pagefactory.internal.LocatingElementHandler.invoke(LocatingElementHandler.java:38)
	at com.sun.proxy.$Proxy10.click(Unknown Source)
	at TestPageLayer.SubscribeNews2.Con(SubscribeNews2.java:30)
	at AllTestScripts.Secnario2.Subscribe(Secnario2.java:35)
	at sun.reflect.NativeMethodAccessorImpl.invoke0(Native Method)
	at sun.reflect.NativeMethodAccessorImpl.invoke(Unknown Source)
	at sun.reflect.DelegatingMethodAccessorImpl.invoke(Unknown Source)
	at java.lang.reflect.Method.invoke(Unknown Source)
	at org.testng.internal.MethodInvocationHelper.invokeMethod(MethodInvocationHelper.java:84)
	at org.testng.internal.Invoker.invokeConfigurationMethod(Invoker.java:564)
	at org.testng.internal.Invoker.invokeConfigurations(Invoker.java:213)
	at org.testng.internal.Invoker.invokeMethod(Invoker.java:653)
	at org.testng.internal.Invoker.invokeTestMethod(Invoker.java:901)
	at org.testng.internal.Invoker.invokeTestMethods(Invoker.java:1231)
	at org.testng.internal.TestMethodWorker.invokeTestMethods(TestMethodWorker.java:127)
	at org.testng.internal.TestMethodWorker.run(TestMethodWorker.java:111)
	at org.testng.TestRunner.privateRun(TestRunner.java:767)
	at org.testng.TestRunner.run(TestRunner.java:617)
	at org.testng.SuiteRunner.runTest(SuiteRunner.java:348)
	at org.testng.SuiteRunner.runSequentially(SuiteRunner.java:343)
	at org.testng.SuiteRunner.privateRun(SuiteRunner.java:305)
	at org.testng.SuiteRunner.run(SuiteRunner.java:254)
	at org.testng.SuiteRunnerWorker.runSuite(SuiteRunnerWorker.java:52)
	at org.testng.SuiteRunnerWorker.run(SuiteRunnerWorker.java:86)
	at org.testng.TestNG.runSuitesSequentially(TestNG.java:1224)
	at org.testng.TestNG.runSuitesLocally(TestNG.java:1149)
	at org.testng.TestNG.run(TestNG.java:1057)
	at org.testng.remote.RemoteTestNG.run(RemoteTestNG.java:115)
	at org.testng.remote.RemoteTestNG.initAndRun(RemoteTestNG.java:207)
	at org.testng.remote.RemoteTestNG.main(RemoteTestNG.java:178)
]]>
            </full-stacktrace>
          </exception> <!-- java.lang.NullPointerException -->
          <reporter-output>
          </reporter-output>
        </test-method> <!-- Subscribe -->
        <test-method status="SKIP" signature="newsub(java.lang.String)[pri:0, instance:AllTestScripts.Secnario2@59a6e353]" name="newsub" duration-ms="4" started-at="2020-03-25T13:41:42Z" data-provider="getATestData" finished-at="2020-03-25T13:41:42Z">
          <params>
            <param index="0">
              <value>
                <![CDATA[vusikelasatheesh123@gmail.com]]>
              </value>
            </param>
          </params>
          <reporter-output>
          </reporter-output>
        </test-method> <!-- newsub -->
        <test-method status="SKIP" signature="newsub(java.lang.String)[pri:0, instance:AllTestScripts.Secnario2@59a6e353]" name="newsub" duration-ms="4" started-at="2020-03-25T13:41:42Z" data-provider="getATestData" finished-at="2020-03-25T13:41:42Z">
          <params>
            <param index="0">
              <value>
                <![CDATA[satheeshsathi138@gmail.com]]>
              </value>
            </param>
          </params>
          <reporter-output>
          </reporter-output>
        </test-method> <!-- newsub -->
        <test-method status="SKIP" signature="closeapp()[pri:0, instance:AllTestScripts.Secnario2@59a6e353]" name="closeapp" is-config="true" duration-ms="0" started-at="2020-03-25T13:41:42Z" finished-at="2020-03-25T13:41:42Z">
          <reporter-output>
          </reporter-output>
        </test-method> <!-- closeapp -->
        <test-method status="SKIP" signature="Subscribe()[pri:0, instance:AllTestScripts.Secnario2@59a6e353]" name="Subscribe" is-config="true" duration-ms="0" started-at="2020-03-25T13:41:42Z" finished-at="2020-03-25T13:41:42Z">
          <reporter-output>
          </reporter-output>
        </test-method> <!-- Subscribe -->
        <test-method status="SKIP" signature="newsub(java.lang.String)[pri:0, instance:AllTestScripts.Secnario2@59a6e353]" name="newsub" duration-ms="0" started-at="2020-03-25T13:41:42Z" data-provider="getATestData" finished-at="2020-03-25T13:41:42Z">
          <params>
            <param index="0">
              <value>
                <![CDATA[vusikelasatheesh12@gmail.com]]>
              </value>
            </param>
          </params>
          <reporter-output>
          </reporter-output>
        </test-method> <!-- newsub -->
        <test-method status="SKIP" signature="closeapp()[pri:0, instance:AllTestScripts.Secnario2@59a6e353]" name="closeapp" is-config="true" duration-ms="0" started-at="2020-03-25T13:41:42Z" finished-at="2020-03-25T13:41:42Z">
          <reporter-output>
          </reporter-output>
        </test-method> <!-- closeapp -->
        <test-method status="SKIP" signature="Subscribe()[pri:0, instance:AllTestScripts.Secnario2@59a6e353]" name="Subscribe" is-config="true" duration-ms="0" started-at="2020-03-25T13:41:42Z" finished-at="2020-03-25T13:41:42Z">
          <reporter-output>
          </reporter-output>
        </test-method> <!-- Subscribe -->
        <test-method status="SKIP" signature="closeapp()[pri:0, instance:AllTestScripts.Secnario2@59a6e353]" name="closeapp" is-config="true" duration-ms="0" started-at="2020-03-25T13:41:42Z" finished-at="2020-03-25T13:41:42Z">
          <reporter-output>
          </reporter-output>
        </test-method> <!-- closeapp -->
      </class> <!-- AllTestScripts.Secnario2 -->
    </test> <!-- Default test -->
  </suite> <!-- Default suite -->
</testng-results>
