<?xml version="1.0" encoding="UTF-8"?>
<!-- Generated by org.testng.reporters.JUnitXMLReporter -->
<testsuite hostname="DESKTOP-E32EPOV" name="Default test" tests="3" failures="0" timestamp="25 Mar 2020 11:41:42 GMT" time="43.136" errors="0">
  <testcase name="@BeforeMethod Subscribe" time="0.0" classname="AllTestScripts.Secnario2">
    <failure type="java.lang.NullPointerException">
      <![CDATA[java.lang.NullPointerException
	at org.openqa.selenium.support.events.EventFiringWebDriver.extractInterfaces(EventFiringWebDriver.java:124)
	at org.openqa.selenium.support.events.EventFiringWebDriver.access$500(EventFiringWebDriver.java:69)
	at org.openqa.selenium.support.events.EventFiringWebDriver$EventFiringWebElement.<init>(EventFiringWebDriver.java:368)
	at org.openqa.selenium.support.events.EventFiringWebDriver$EventFiringWebElement.<init>(EventFiringWebDriver.java:360)
	at org.openqa.selenium.support.events.EventFiringWebDriver.createWebElement(EventFiringWebDriver.java:311)
	at org.openqa.selenium.support.events.EventFiringWebDriver.findElement(EventFiringWebDriver.java:194)
	at org.openqa.selenium.support.pagefactory.DefaultElementLocator.findElement(DefaultElementLocator.java:69)
	at org.openqa.selenium.support.pagefactory.internal.LocatingElementHandler.invoke(LocatingElementHandler.java:38)
	at com.sun.proxy.$Proxy10.click(Unknown Source)
	at TestPageLayer.SubscribeNews2.Con(SubscribeNews2.java:30)
	at AllTestScripts.Secnario2.Subscribe(Secnario2.java:35)
	at sun.reflect.NativeMethodAccessorImpl.invoke0(Native Method)
	at sun.reflect.NativeMethodAccessorImpl.invoke(Unknown Source)
	at sun.reflect.DelegatingMethodAccessorImpl.invoke(Unknown Source)
	at java.lang.reflect.Method.invoke(Unknown Source)
	at org.testng.internal.MethodInvocationHelper.invokeMethod(MethodInvocationHelper.java:84)
	at org.testng.internal.Invoker.invokeConfigurationMethod(Invoker.java:564)
	at org.testng.internal.Invoker.invokeConfigurations(Invoker.java:213)
	at org.testng.internal.Invoker.invokeMethod(Invoker.java:653)
	at org.testng.internal.Invoker.invokeTestMethod(Invoker.java:901)
	at org.testng.internal.Invoker.invokeTestMethods(Invoker.java:1231)
	at org.testng.internal.TestMethodWorker.invokeTestMethods(TestMethodWorker.java:127)
	at org.testng.internal.TestMethodWorker.run(TestMethodWorker.java:111)
	at org.testng.TestRunner.privateRun(TestRunner.java:767)
	at org.testng.TestRunner.run(TestRunner.java:617)
	at org.testng.SuiteRunner.runTest(SuiteRunner.java:348)
	at org.testng.SuiteRunner.runSequentially(SuiteRunner.java:343)
	at org.testng.SuiteRunner.privateRun(SuiteRunner.java:305)
	at org.testng.SuiteRunner.run(SuiteRunner.java:254)
	at org.testng.SuiteRunnerWorker.runSuite(SuiteRunnerWorker.java:52)
	at org.testng.SuiteRunnerWorker.run(SuiteRunnerWorker.java:86)
	at org.testng.TestNG.runSuitesSequentially(TestNG.java:1224)
	at org.testng.TestNG.runSuitesLocally(TestNG.java:1149)
	at org.testng.TestNG.run(TestNG.java:1057)
	at org.testng.remote.RemoteTestNG.run(RemoteTestNG.java:115)
	at org.testng.remote.RemoteTestNG.initAndRun(RemoteTestNG.java:207)
	at org.testng.remote.RemoteTestNG.main(RemoteTestNG.java:178)
]]>
    </failure>
  </testcase> <!-- @BeforeMethod Subscribe -->
  <testcase name="@AfterMethod closeapp" time="0.0" classname="AllTestScripts.Secnario2">
    <skipped/>
  </testcase> <!-- @AfterMethod closeapp -->
  <testcase name="@BeforeMethod Subscribe" time="0.0" classname="AllTestScripts.Secnario2">
    <skipped/>
  </testcase> <!-- @BeforeMethod Subscribe -->
  <testcase name="@AfterMethod closeapp" time="0.0" classname="AllTestScripts.Secnario2">
    <skipped/>
  </testcase> <!-- @AfterMethod closeapp -->
  <testcase name="@BeforeMethod Subscribe" time="0.0" classname="AllTestScripts.Secnario2">
    <skipped/>
  </testcase> <!-- @BeforeMethod Subscribe -->
  <testcase name="@AfterMethod closeapp" time="0.0" classname="AllTestScripts.Secnario2">
    <skipped/>
  </testcase> <!-- @AfterMethod closeapp -->
  <testcase name="newsub" time="0.004" classname="AllTestScripts.Secnario2">
    <skipped/>
  </testcase> <!-- newsub -->
  <testcase name="newsub" time="0.004" classname="AllTestScripts.Secnario2">
    <skipped/>
  </testcase> <!-- newsub -->
  <testcase name="newsub" time="0.0" classname="AllTestScripts.Secnario2">
    <skipped/>
  </testcase> <!-- newsub -->
</testsuite> <!-- Default test -->
